0.9936 	WARNING 	We strongly recommend you activate the PTB sound engine in PsychoPy prefs as the preferred audio engine. Its timing is vastly superior. Your prefs are currently set to use ['sounddevice', 'PTB', 'pyo', 'pygame'] (in that order).
10.9649 	WARNING 	User requested fullscreen with size [1024  768], but screen is actually [1360, 768]. Using actual size
11.4928 	EXP 	Created window1 = Window(allowGUI=True, allowStencil=False, autoLog=True, backendConf=UNKNOWN, bitsMode=UNKNOWN, blendMode='avg', bpc=(8, 8, 8), color=array([0, 0, 0]), colorSpace='rgb', depthBits=8, fullscr=<method-wrapper '__getattribute__' of attributeSetter object at 0x000000C559F4F040>, gamma=None, gammaErrorPolicy='raise', lms=UNKNOWN, monitor=<psychopy.monitors.calibTools.Monitor object at 0x000000C55B0D04C0>, multiSample=False, name='window1', numSamples=2, pos=(0, 0), screen=0, size=array([1360,  768]), stencilBits=0, stereo=False, units='height', useFBO=True, useRetina=False, viewOri=0.0, viewPos=None, viewScale=None, waitBlanking=True, winType='pyglet')
11.4928 	EXP 	window1: mouseVisible = True
11.4929 	EXP 	window1: mouseVisible = False
11.4929 	EXP 	window1: Attempting to measure frame rate of screen (0) ...
11.4929 	EXP 	window1: recordFrameIntervals = False
11.6590 	EXP 	window1: recordFrameIntervals = True
11.8424 	EXP 	Screen (0) actual frame rate measured at 60.05Hz
11.8424 	EXP 	window1: recordFrameIntervals = False
13.2056 	EXP 	Created fixation = ShapeStim(__class__=<class 'psychopy.visual.shape.ShapeStim'>, anchor=('center', 'center'), autoDraw=False, autoLog=True, closeShape=True, color=method-wrapper(...), colorSpace='rgb', contrast=None, depth=0.0, fillColor=array([1, 1, 1]), fillColorSpace='rgb', fillRGB=array([1, 1, 1]), interpolate=True, lineColor=array([1., 1., 1.]), lineColorSpace='rgb', lineRGB=array([1, 1, 1]), lineWidth=1.0, name='fixation', opacity=1.0, ori=0.0, pos=array([0., 0.]), size=array([0.05, 0.05]), units='height', vertices=ndarray(...), win=Window(...), windingRule=None)
13.2232 	EXP 	Created text = TextStim(__class__=<class 'psychopy.visual.text.TextStim'>, alignHoriz=method-wrapper(...), alignText='center', alignVert=method-wrapper(...), anchorHoriz='center', anchorVert='center', antialias=True, autoDraw=False, autoLog=True, bold=False, color=array([1., 1., 1.]), colorSpace='rgb', contrast=1.0, depth=-1.0, flipHoriz=False, flipVert=False, font='Open Sans', fontFiles=[], height=0.05, italic=False, languageStyle='LTR', name='text', opacity=1.0, ori=0.0, pos=array([0., 0.]), rgb=UNKNOWN, text='', units='height', win=Window(...), wrapWidth=1)
13.2292 	EXP 	Imported C:/Users/student/Desktop/dhruvi Lab in psy/discounting.xlsx as conditions, 7 conditions, 3 params
13.2297 	EXP 	Created sequence: random, trialTypes=7, nReps=1, seed=None
13.2299 	EXP 	New trial (rep=0, index=0): {'reward_today': 27, 'future_reward': 50, 'delay': 21}
13.2663 	EXP 	text: height = 0.05000000000000001
13.2663 	EXP 	text: height = 0.05000000000000001
13.2663 	EXP 	text: height = 0.05000000000000001
13.2663 	EXP 	text: text = 'GBP 27 today or GBP 50 after 21 days'
13.2663 	EXP 	fixation: autoDraw = True
14.2259 	EXP 	text: autoDraw = True
14.2759 	EXP 	fixation: autoDraw = False
16.6440 	EXP 	New trial (rep=0, index=1): {'reward_today': 40, 'future_reward': 55, 'delay': 62}
16.6505 	DATA 	Keypress: t
16.6594 	EXP 	fixation: autoDraw = False
16.6594 	EXP 	text: autoDraw = False
16.6594 	EXP 	text: height = 0.05000000000000001
16.6594 	EXP 	text: height = 0.05000000000000001
16.6594 	EXP 	text: height = 0.05000000000000001
16.6594 	EXP 	text: text = 'GBP 40 today or GBP 55 after 62 days'
16.6594 	EXP 	fixation: autoDraw = True
17.6429 	EXP 	text: autoDraw = True
17.6596 	EXP 	fixation: autoDraw = False
22.3445 	EXP 	New trial (rep=0, index=2): {'reward_today': 11, 'future_reward': 30, 'delay': 7}
22.3500 	DATA 	Keypress: t
22.3601 	EXP 	fixation: autoDraw = False
22.3601 	EXP 	text: autoDraw = False
22.3601 	EXP 	text: height = 0.05000000000000001
22.3601 	EXP 	text: height = 0.05000000000000001
22.3601 	EXP 	text: height = 0.05000000000000001
22.3601 	EXP 	text: text = 'GBP 11 today or GBP 30 after 7 days'
22.3601 	EXP 	fixation: autoDraw = True
23.3435 	EXP 	text: autoDraw = True
23.3601 	EXP 	fixation: autoDraw = False
27.8618 	EXP 	New trial (rep=0, index=3): {'reward_today': 15, 'future_reward': 35, 'delay': 13}
27.8660 	DATA 	Keypress: l
27.8775 	EXP 	fixation: autoDraw = False
27.8775 	EXP 	text: autoDraw = False
27.8775 	EXP 	text: height = 0.05000000000000001
27.8775 	EXP 	text: height = 0.05000000000000001
27.8775 	EXP 	text: height = 0.05000000000000001
27.8775 	EXP 	text: text = 'GBP 15 today or GBP 35 after 13 days'
27.8775 	EXP 	fixation: autoDraw = True
28.8608 	EXP 	text: autoDraw = True
28.8774 	EXP 	fixation: autoDraw = False
32.2169 	DATA 	Keypress: t
32.2317 	EXP 	New trial (rep=0, index=4): {'reward_today': 49, 'future_reward': 60, 'delay': 89}
32.2576 	EXP 	fixation: autoDraw = False
32.2576 	EXP 	text: autoDraw = False
32.2576 	EXP 	text: height = 0.05000000000000001
32.2576 	EXP 	text: height = 0.05000000000000001
32.2576 	EXP 	text: height = 0.05000000000000001
32.2576 	EXP 	text: text = 'GBP 49 today or GBP 60 after 89 days'
32.2576 	EXP 	fixation: autoDraw = True
33.2449 	EXP 	text: autoDraw = True
33.2613 	EXP 	fixation: autoDraw = False
35.1965 	EXP 	New trial (rep=0, index=5): {'reward_today': 78, 'future_reward': 80, 'delay': 162}
35.2033 	DATA 	Keypress: l
35.2115 	EXP 	fixation: autoDraw = False
35.2115 	EXP 	text: autoDraw = False
35.2115 	EXP 	text: height = 0.05000000000000001
35.2115 	EXP 	text: height = 0.05000000000000001
35.2115 	EXP 	text: height = 0.05000000000000001
35.2115 	EXP 	text: text = 'GBP 78 today or GBP 80 after 162 days'
35.2115 	EXP 	fixation: autoDraw = True
36.2119 	EXP 	fixation: autoDraw = False
36.2119 	EXP 	text: autoDraw = True
39.0129 	EXP 	New trial (rep=0, index=6): {'reward_today': 67, 'future_reward': 75, 'delay': 119}
39.0172 	DATA 	Keypress: t
39.0285 	EXP 	fixation: autoDraw = False
39.0285 	EXP 	text: autoDraw = False
39.0285 	EXP 	text: height = 0.05000000000000001
39.0285 	EXP 	text: height = 0.05000000000000001
39.0285 	EXP 	text: height = 0.05000000000000001
39.0285 	EXP 	text: text = 'GBP 67 today or GBP 75 after 119 days'
39.0285 	EXP 	fixation: autoDraw = True
40.0120 	EXP 	text: autoDraw = True
40.0286 	EXP 	fixation: autoDraw = False
42.4667 	DATA 	Keypress: l
42.4794 	EXP 	fixation: autoDraw = False
42.4794 	EXP 	text: autoDraw = False
42.6062 	EXP 	window1: mouseVisible = True
